<?xml version="1.0" encoding="UTF-8"?>
<!-- Generated by org.testng.reporters.JUnitReportReporter -->
<testsuite skipped="0" hostname="ojasvii" name="tests.NewTest" tests="1" failures="0" timestamp="21 Sep 2018 11:07:15 GMT" time="28.965" errors="0">
  <testcase name="openMyBlog" time="28.965" classname="tests.NewTest"/>
</testsuite> <!-- tests.NewTest -->
